#! /c/iverilog/bin/vvp
:ivl_version "0.9.7 " "(v0_9_7)";
:vpi_time_precision + 0;
:vpi_module "system";
:vpi_module "v2005_math";
:vpi_module "va_math";
S_00963220 .scope module, "TopModule" "TopModule" 2 3;
 .timescale 0 0;
v0099D870_0 .net "A", 3 0, C4<zzzz>; 0 drivers
v0099D8C8_0 .net "B", 3 0, C4<zzzz>; 0 drivers
v0099CD70_0 .net "C", 1 0, C4<zz>; 0 drivers
v0099D030_0 .net "CLK", 0 0, C4<z>; 0 drivers
v0099CD18_0 .net "EN", 0 0, C4<z>; 0 drivers
v0099CF80_0 .net "Equal", 0 0, L_0099DF40; 1 drivers
v0099D5B0_0 .net "Greater", 0 0, L_0099E350; 1 drivers
v0099D2F0_0 .var "Out_Bits", 3 0;
v0099D660_0 .var "Out_C", 0 0;
v0099D298_0 .net "Smaller", 0 0, L_0099FC78; 1 drivers
E_0133A6B8 .event posedge, v0099D030_0;
S_00962A28 .scope module, "comparator" "FourBitComparator" 2 13, 3 3, S_00963220;
 .timescale 0 0;
L_0099E350 .functor BUFZ 1, L_00973E28, C4<0>, C4<0>, C4<0>;
L_0099E120 .functor XNOR 1, L_0099DE28, C4<1>, C4<0>, C4<0>;
L_0099E158 .functor XNOR 1, L_0099DFB0, C4<1>, C4<0>, C4<0>;
L_0099E270 .functor AND 1, L_0099E120, L_0099E158, C4<1>, C4<1>;
L_0099E5F0 .functor XNOR 1, L_0099E430, C4<1>, C4<0>, C4<0>;
L_0099E628 .functor AND 1, L_0099E270, L_0099E5F0, C4<1>, C4<1>;
L_0099E7B0 .functor XNOR 1, L_0099E0B0, C4<1>, C4<0>, C4<0>;
L_0099DF40 .functor AND 1, L_0099E628, L_0099E7B0, C4<1>, C4<1>;
L_0099FC78 .functor BUFZ 1, L_0099DD48, C4<0>, C4<0>, C4<0>;
v00970B28_0 .alias "A", 3 0, v0099D870_0;
v00971368_0 .alias "B", 3 0, v0099D8C8_0;
v009713C0_0 .alias "Equal", 0 0, v0099CF80_0;
v00971418_0 .net "Equal_0", 0 0, L_0099E0B0; 1 drivers
v00971470_0 .net "Equal_1", 0 0, L_0099E430; 1 drivers
v009714C8_0 .net "Equal_2", 0 0, L_0099DFB0; 1 drivers
v00971100_0 .net "Equal_3", 0 0, L_0099DE28; 1 drivers
v009710A8_0 .alias "Greater", 0 0, v0099D5B0_0;
v00971310_0 .net "Greater_0", 0 0, L_0099E238; 1 drivers
v00971520_0 .net "Greater_1", 0 0, L_0099E318; 1 drivers
v00971260_0 .net "Greater_2", 0 0, L_0099DCD8; 1 drivers
v009712B8_0 .net "Greater_3", 0 0, L_00973E28; 1 drivers
v00971158_0 .alias "Smaller", 0 0, v0099D298_0;
v009711B0_0 .net "Smaller_0", 0 0, L_0099E510; 1 drivers
v00971208_0 .net "Smaller_1", 0 0, L_0099E698; 1 drivers
v0099DA28_0 .net "Smaller_2", 0 0, L_0099DDB8; 1 drivers
v0099D978_0 .net "Smaller_3", 0 0, L_0099DD48; 1 drivers
v0099DB30_0 .net *"_s18", 0 0, C4<1>; 1 drivers
v0099DBE0_0 .net *"_s20", 0 0, L_0099E120; 1 drivers
v0099D9D0_0 .net *"_s22", 0 0, C4<1>; 1 drivers
v0099D768_0 .net *"_s24", 0 0, L_0099E158; 1 drivers
v0099DA80_0 .net *"_s26", 0 0, L_0099E270; 1 drivers
v0099D7C0_0 .net *"_s28", 0 0, C4<1>; 1 drivers
v0099D920_0 .net *"_s30", 0 0, L_0099E5F0; 1 drivers
v0099DAD8_0 .net *"_s32", 0 0, L_0099E628; 1 drivers
v0099DB88_0 .net *"_s34", 0 0, C4<1>; 1 drivers
v0099D818_0 .net *"_s36", 0 0, L_0099E7B0; 1 drivers
L_0099D088 .part C4<zzzz>, 3, 1;
L_0099D1E8 .part C4<zzzz>, 3, 1;
L_0099D450 .part C4<zzzz>, 2, 1;
L_0099D0E0 .part C4<zzzz>, 2, 1;
L_0099CC68 .part C4<zzzz>, 1, 1;
L_0099CE78 .part C4<zzzz>, 1, 1;
L_0099D710 .part C4<zzzz>, 0, 1;
L_0099D4A8 .part C4<zzzz>, 0, 1;
S_00962B38 .scope module, "bit3" "OneBitComparator" 3 13, 4 1, S_00962A28;
 .timescale 0 0;
L_01332F90 .functor NOT 1, L_0099D088, C4<0>, C4<0>, C4<0>;
L_00973DF0 .functor NOT 1, L_0099D1E8, C4<0>, C4<0>, C4<0>;
L_00973E28 .functor AND 1, L_0099D088, L_00973DF0, C4<1>, C4<1>;
L_0099DE28 .functor XOR 1, L_0099D088, L_0099D1E8, C4<0>, C4<0>;
L_0099DD48 .functor AND 1, C4<z>, L_0099D1E8, C4<1>, C4<1>;
v00970D90_0 .net "A", 0 0, L_0099D088; 1 drivers
v00970918_0 .net "A_Not", 0 0, C4<z>; 0 drivers
v00971050_0 .net "B", 0 0, L_0099D1E8; 1 drivers
v00970600_0 .alias "Equal", 0 0, v00971100_0;
v00970A78_0 .alias "Greater", 0 0, v009712B8_0;
v00970DE8_0 .net "Not_A", 0 0, L_01332F90; 1 drivers
v00970AD0_0 .net "Not_B", 0 0, L_00973DF0; 1 drivers
v00970E98_0 .alias "Smaller", 0 0, v0099D978_0;
S_00962AB0 .scope module, "bit2" "OneBitComparator" 3 21, 4 1, S_00962A28;
 .timescale 0 0;
L_0099DDF0 .functor NOT 1, L_0099D450, C4<0>, C4<0>, C4<0>;
L_0099DED0 .functor NOT 1, L_0099D0E0, C4<0>, C4<0>, C4<0>;
L_0099DCD8 .functor AND 1, L_0099D450, L_0099DED0, C4<1>, C4<1>;
L_0099DFB0 .functor XOR 1, L_0099D450, L_0099D0E0, C4<0>, C4<0>;
L_0099DDB8 .functor AND 1, C4<z>, L_0099D0E0, C4<1>, C4<1>;
v00970810_0 .net "A", 0 0, L_0099D450; 1 drivers
v00970CE0_0 .net "A_Not", 0 0, C4<z>; 0 drivers
v00970D38_0 .net "B", 0 0, L_0099D0E0; 1 drivers
v00970FF8_0 .alias "Equal", 0 0, v009714C8_0;
v009705A8_0 .alias "Greater", 0 0, v00971260_0;
v00970E40_0 .net "Not_A", 0 0, L_0099DDF0; 1 drivers
v00970A20_0 .net "Not_B", 0 0, L_0099DED0; 1 drivers
v00970868_0 .alias "Smaller", 0 0, v0099DA28_0;
S_00963440 .scope module, "bit1" "OneBitComparator" 3 29, 4 1, S_00962A28;
 .timescale 0 0;
L_0099E4A0 .functor NOT 1, L_0099CC68, C4<0>, C4<0>, C4<0>;
L_0099E3F8 .functor NOT 1, L_0099CE78, C4<0>, C4<0>, C4<0>;
L_0099E318 .functor AND 1, L_0099CC68, L_0099E3F8, C4<1>, C4<1>;
L_0099E430 .functor XOR 1, L_0099CC68, L_0099CE78, C4<0>, C4<0>;
L_0099E698 .functor AND 1, C4<z>, L_0099CE78, C4<1>, C4<1>;
v00970708_0 .net "A", 0 0, L_0099CC68; 1 drivers
v00970760_0 .net "A_Not", 0 0, C4<z>; 0 drivers
v009709C8_0 .net "B", 0 0, L_0099CE78; 1 drivers
v00970658_0 .alias "Equal", 0 0, v00971470_0;
v009708C0_0 .alias "Greater", 0 0, v00971520_0;
v00970EF0_0 .net "Not_A", 0 0, L_0099E4A0; 1 drivers
v00970C88_0 .net "Not_B", 0 0, L_0099E3F8; 1 drivers
v00970FA0_0 .alias "Smaller", 0 0, v00971208_0;
S_00963000 .scope module, "bit0" "OneBitComparator" 3 37, 4 1, S_00962A28;
 .timescale 0 0;
L_0099E078 .functor NOT 1, L_0099D710, C4<0>, C4<0>, C4<0>;
L_0099E6D0 .functor NOT 1, L_0099D4A8, C4<0>, C4<0>, C4<0>;
L_0099E238 .functor AND 1, L_0099D710, L_0099E6D0, C4<1>, C4<1>;
L_0099E0B0 .functor XOR 1, L_0099D710, L_0099D4A8, C4<0>, C4<0>;
L_0099E510 .functor AND 1, C4<z>, L_0099D4A8, C4<1>, C4<1>;
v00964158_0 .net "A", 0 0, L_0099D710; 1 drivers
v00970970_0 .net "A_Not", 0 0, C4<z>; 0 drivers
v00970B80_0 .net "B", 0 0, L_0099D4A8; 1 drivers
v009706B0_0 .alias "Equal", 0 0, v00971418_0;
v00970F48_0 .alias "Greater", 0 0, v00971310_0;
v00970BD8_0 .net "Not_A", 0 0, L_0099E078; 1 drivers
v00970C30_0 .net "Not_B", 0 0, L_0099E6D0; 1 drivers
v009707B8_0 .alias "Smaller", 0 0, v009711B0_0;
    .scope S_00963220;
T_0 ;
    %wait E_0133A6B8;
    %load/v 8, v0099CD18_0, 1;
    %mov 9, 0, 1;
    %cmpi/u 8, 0, 2;
    %jmp/0xz  T_0.0, 4;
    %ix/load 0, 4, 0;
    %assign/v0 v0099D2F0_0, 0, 0;
    %ix/load 0, 1, 0;
    %assign/v0 v0099D660_0, 0, 0;
    %jmp T_0.1;
T_0.0 ;
    %load/v 8, v0099CD70_0, 2;
    %cmpi/u 8, 0, 2;
    %jmp/0xz  T_0.2, 4;
    %load/v 8, v0099D5B0_0, 1;
    %ix/load 0, 1, 0;
    %assign/v0 v0099D660_0, 0, 8;
    %jmp T_0.3;
T_0.2 ;
    %load/v 8, v0099CD70_0, 2;
    %cmpi/u 8, 1, 2;
    %jmp/0xz  T_0.4, 4;
    %load/v 8, v0099CF80_0, 1;
    %ix/load 0, 1, 0;
    %assign/v0 v0099D660_0, 0, 8;
    %jmp T_0.5;
T_0.4 ;
    %load/v 8, v0099CD70_0, 2;
    %cmpi/u 8, 2, 2;
    %jmp/0xz  T_0.6, 4;
    %load/v 8, v0099D298_0, 1;
    %ix/load 0, 1, 0;
    %assign/v0 v0099D660_0, 0, 8;
    %jmp T_0.7;
T_0.6 ;
    %load/v 8, v0099CD70_0, 2;
    %cmpi/u 8, 3, 2;
    %jmp/0xz  T_0.8, 4;
    %ix/load 0, 1, 0;
    %assign/v0 v0099D660_0, 0, 2;
T_0.8 ;
T_0.7 ;
T_0.5 ;
T_0.3 ;
T_0.1 ;
    %load/v 8, v0099CD18_0, 1;
    %mov 9, 0, 2;
    %cmpi/u 8, 1, 3;
    %jmp/0xz  T_0.10, 4;
    %load/v 8, v0099D5B0_0, 1;
    %jmp/0xz  T_0.12, 8;
    %load/v 8, v0099D870_0, 4;
    %ix/load 0, 4, 0;
    %assign/v0 v0099D2F0_0, 0, 8;
    %jmp T_0.13;
T_0.12 ;
    %load/v 8, v0099D8C8_0, 4;
    %ix/load 0, 4, 0;
    %assign/v0 v0099D2F0_0, 0, 8;
T_0.13 ;
T_0.10 ;
    %jmp T_0;
    .thread T_0;
# The file index is used to find the file name in the following table.
:file_names 5;
    "N/A";
    "<interactive>";
    "TopModule.v";
    "./FourBitComparator.v";
    "./OneBitComparator.v";
